<?xml version="1.0" encoding="UTF-8"?>
<testsuite xmlns:xsi="http://www.w3.org/2001/XMLSchema-instance" xsi:noNamespaceSchemaLocation="https://maven.apache.org/surefire/maven-surefire-plugin/xsd/surefire-test-report.xsd" version="3.0.2" name="com.parkauto.gestionlocations.GestionlocationsApplicationTests" time="7.951" tests="1" errors="0" skipped="0" failures="0">
  <properties>
    <property name="java.specification.version" value="17"/>
    <property name="sonar.login" value="14b4debab2f3cba9c3a712e7c5d6dc0e52c58bdd"/>
    <property name="sonar.host.url" value="https://sonarcloud.io"/>
    <property name="sun.jnu.encoding" value="UTF-8"/>
    <property name="java.class.path" value="/home/ibahaddou/microservice/microauto/gestionlocation/target/test-classes:/home/ibahaddou/microservice/microauto/gestionlocation/target/classes:/home/ibahaddou/.m2/repository/org/mockito/mockito-core/5.14.2/mockito-core-5.14.2.jar:/home/ibahaddou/.m2/repository/net/bytebuddy/byte-buddy/1.15.11/byte-buddy-1.15.11.jar:/home/ibahaddou/.m2/repository/net/bytebuddy/byte-buddy-agent/1.15.11/byte-buddy-agent-1.15.11.jar:/home/ibahaddou/.m2/repository/org/objenesis/objenesis/3.3/objenesis-3.3.jar:/home/ibahaddou/.m2/repository/org/springframework/boot/spring-boot-starter-actuator/3.4.1/spring-boot-starter-actuator-3.4.1.jar:/home/ibahaddou/.m2/repository/org/springframework/boot/spring-boot-starter/3.4.1/spring-boot-starter-3.4.1.jar:/home/ibahaddou/.m2/repository/org/springframework/boot/spring-boot-starter-logging/3.4.1/spring-boot-starter-logging-3.4.1.jar:/home/ibahaddou/.m2/repository/ch/qos/logback/logback-classic/1.5.12/logback-classic-1.5.12.jar:/home/ibahaddou/.m2/repository/ch/qos/logback/logback-core/1.5.12/logback-core-1.5.12.jar:/home/ibahaddou/.m2/repository/org/apache/logging/log4j/log4j-to-slf4j/2.24.3/log4j-to-slf4j-2.24.3.jar:/home/ibahaddou/.m2/repository/org/apache/logging/log4j/log4j-api/2.24.3/log4j-api-2.24.3.jar:/home/ibahaddou/.m2/repository/org/slf4j/jul-to-slf4j/2.0.16/jul-to-slf4j-2.0.16.jar:/home/ibahaddou/.m2/repository/jakarta/annotation/jakarta.annotation-api/2.1.1/jakarta.annotation-api-2.1.1.jar:/home/ibahaddou/.m2/repository/org/yaml/snakeyaml/2.3/snakeyaml-2.3.jar:/home/ibahaddou/.m2/repository/org/springframework/boot/spring-boot-actuator-autoconfigure/3.4.1/spring-boot-actuator-autoconfigure-3.4.1.jar:/home/ibahaddou/.m2/repository/org/springframework/boot/spring-boot-actuator/3.4.1/spring-boot-actuator-3.4.1.jar:/home/ibahaddou/.m2/repository/com/fasterxml/jackson/datatype/jackson-datatype-jsr310/2.18.2/jackson-datatype-jsr310-2.18.2.jar:/home/ibahaddou/.m2/repository/io/micrometer/micrometer-observation/1.14.2/micrometer-observation-1.14.2.jar:/home/ibahaddou/.m2/repository/io/micrometer/micrometer-commons/1.14.2/micrometer-commons-1.14.2.jar:/home/ibahaddou/.m2/repository/io/micrometer/micrometer-jakarta9/1.14.2/micrometer-jakarta9-1.14.2.jar:/home/ibahaddou/.m2/repository/io/micrometer/micrometer-core/1.14.2/micrometer-core-1.14.2.jar:/home/ibahaddou/.m2/repository/org/hdrhistogram/HdrHistogram/2.2.2/HdrHistogram-2.2.2.jar:/home/ibahaddou/.m2/repository/org/latencyutils/LatencyUtils/2.0.3/LatencyUtils-2.0.3.jar:/home/ibahaddou/.m2/repository/org/springframework/boot/spring-boot-starter-data-jpa/3.4.1/spring-boot-starter-data-jpa-3.4.1.jar:/home/ibahaddou/.m2/repository/org/springframework/boot/spring-boot-starter-jdbc/3.4.1/spring-boot-starter-jdbc-3.4.1.jar:/home/ibahaddou/.m2/repository/com/zaxxer/HikariCP/5.1.0/HikariCP-5.1.0.jar:/home/ibahaddou/.m2/repository/org/springframework/spring-jdbc/6.2.1/spring-jdbc-6.2.1.jar:/home/ibahaddou/.m2/repository/org/hibernate/orm/hibernate-core/6.6.4.Final/hibernate-core-6.6.4.Final.jar:/home/ibahaddou/.m2/repository/jakarta/persistence/jakarta.persistence-api/3.1.0/jakarta.persistence-api-3.1.0.jar:/home/ibahaddou/.m2/repository/jakarta/transaction/jakarta.transaction-api/2.0.1/jakarta.transaction-api-2.0.1.jar:/home/ibahaddou/.m2/repository/org/jboss/logging/jboss-logging/3.6.1.Final/jboss-logging-3.6.1.Final.jar:/home/ibahaddou/.m2/repository/org/hibernate/common/hibernate-commons-annotations/7.0.3.Final/hibernate-commons-annotations-7.0.3.Final.jar:/home/ibahaddou/.m2/repository/io/smallrye/jandex/3.2.0/jandex-3.2.0.jar:/home/ibahaddou/.m2/repository/com/fasterxml/classmate/1.7.0/classmate-1.7.0.jar:/home/ibahaddou/.m2/repository/org/glassfish/jaxb/jaxb-runtime/4.0.5/jaxb-runtime-4.0.5.jar:/home/ibahaddou/.m2/repository/org/glassfish/jaxb/jaxb-core/4.0.5/jaxb-core-4.0.5.jar:/home/ibahaddou/.m2/repository/org/eclipse/angus/angus-activation/2.0.2/angus-activation-2.0.2.jar:/home/ibahaddou/.m2/repository/org/glassfish/jaxb/txw2/4.0.5/txw2-4.0.5.jar:/home/ibahaddou/.m2/repository/com/sun/istack/istack-commons-runtime/4.1.2/istack-commons-runtime-4.1.2.jar:/home/ibahaddou/.m2/repository/jakarta/inject/jakarta.inject-api/2.0.1/jakarta.inject-api-2.0.1.jar:/home/ibahaddou/.m2/repository/org/antlr/antlr4-runtime/4.13.0/antlr4-runtime-4.13.0.jar:/home/ibahaddou/.m2/repository/org/springframework/data/spring-data-jpa/3.4.1/spring-data-jpa-3.4.1.jar:/home/ibahaddou/.m2/repository/org/springframework/data/spring-data-commons/3.4.1/spring-data-commons-3.4.1.jar:/home/ibahaddou/.m2/repository/org/springframework/spring-orm/6.2.1/spring-orm-6.2.1.jar:/home/ibahaddou/.m2/repository/org/springframework/spring-context/6.2.1/spring-context-6.2.1.jar:/home/ibahaddou/.m2/repository/org/springframework/spring-aop/6.2.1/spring-aop-6.2.1.jar:/home/ibahaddou/.m2/repository/org/springframework/spring-tx/6.2.1/spring-tx-6.2.1.jar:/home/ibahaddou/.m2/repository/org/springframework/spring-beans/6.2.1/spring-beans-6.2.1.jar:/home/ibahaddou/.m2/repository/org/slf4j/slf4j-api/2.0.16/slf4j-api-2.0.16.jar:/home/ibahaddou/.m2/repository/org/springframework/spring-aspects/6.2.1/spring-aspects-6.2.1.jar:/home/ibahaddou/.m2/repository/org/aspectj/aspectjweaver/1.9.22.1/aspectjweaver-1.9.22.1.jar:/home/ibahaddou/.m2/repository/org/springframework/boot/spring-boot-starter-validation/3.4.1/spring-boot-starter-validation-3.4.1.jar:/home/ibahaddou/.m2/repository/org/apache/tomcat/embed/tomcat-embed-el/10.1.34/tomcat-embed-el-10.1.34.jar:/home/ibahaddou/.m2/repository/org/hibernate/validator/hibernate-validator/8.0.2.Final/hibernate-validator-8.0.2.Final.jar:/home/ibahaddou/.m2/repository/jakarta/validation/jakarta.validation-api/3.0.2/jakarta.validation-api-3.0.2.jar:/home/ibahaddou/.m2/repository/org/springframework/boot/spring-boot-starter-web/3.4.1/spring-boot-starter-web-3.4.1.jar:/home/ibahaddou/.m2/repository/org/springframework/boot/spring-boot-starter-json/3.4.1/spring-boot-starter-json-3.4.1.jar:/home/ibahaddou/.m2/repository/com/fasterxml/jackson/datatype/jackson-datatype-jdk8/2.18.2/jackson-datatype-jdk8-2.18.2.jar:/home/ibahaddou/.m2/repository/com/fasterxml/jackson/module/jackson-module-parameter-names/2.18.2/jackson-module-parameter-names-2.18.2.jar:/home/ibahaddou/.m2/repository/org/springframework/boot/spring-boot-starter-tomcat/3.4.1/spring-boot-starter-tomcat-3.4.1.jar:/home/ibahaddou/.m2/repository/org/apache/tomcat/embed/tomcat-embed-core/10.1.34/tomcat-embed-core-10.1.34.jar:/home/ibahaddou/.m2/repository/org/apache/tomcat/embed/tomcat-embed-websocket/10.1.34/tomcat-embed-websocket-10.1.34.jar:/home/ibahaddou/.m2/repository/org/springframework/spring-web/6.2.1/spring-web-6.2.1.jar:/home/ibahaddou/.m2/repository/org/springframework/spring-webmvc/6.2.1/spring-webmvc-6.2.1.jar:/home/ibahaddou/.m2/repository/org/springframework/spring-expression/6.2.1/spring-expression-6.2.1.jar:/home/ibahaddou/.m2/repository/org/springframework/cloud/spring-cloud-starter-config/4.2.0/spring-cloud-starter-config-4.2.0.jar:/home/ibahaddou/.m2/repository/org/springframework/cloud/spring-cloud-starter/4.2.0/spring-cloud-starter-4.2.0.jar:/home/ibahaddou/.m2/repository/org/springframework/cloud/spring-cloud-context/4.2.0/spring-cloud-context-4.2.0.jar:/home/ibahaddou/.m2/repository/org/bouncycastle/bcprov-jdk18on/1.78.1/bcprov-jdk18on-1.78.1.jar:/home/ibahaddou/.m2/repository/org/springframework/cloud/spring-cloud-config-client/4.2.0/spring-cloud-config-client-4.2.0.jar:/home/ibahaddou/.m2/repository/com/fasterxml/jackson/core/jackson-annotations/2.18.2/jackson-annotations-2.18.2.jar:/home/ibahaddou/.m2/repository/org/apache/httpcomponents/client5/httpclient5/5.4.1/httpclient5-5.4.1.jar:/home/ibahaddou/.m2/repository/org/apache/httpcomponents/core5/httpcore5/5.3.1/httpcore5-5.3.1.jar:/home/ibahaddou/.m2/repository/org/apache/httpcomponents/core5/httpcore5-h2/5.3.1/httpcore5-h2-5.3.1.jar:/home/ibahaddou/.m2/repository/com/fasterxml/jackson/core/jackson-databind/2.18.2/jackson-databind-2.18.2.jar:/home/ibahaddou/.m2/repository/com/fasterxml/jackson/core/jackson-core/2.18.2/jackson-core-2.18.2.jar:/home/ibahaddou/.m2/repository/org/springframework/cloud/spring-cloud-starter-netflix-eureka-client/4.2.0/spring-cloud-starter-netflix-eureka-client-4.2.0.jar:/home/ibahaddou/.m2/repository/org/springframework/cloud/spring-cloud-netflix-eureka-client/4.2.0/spring-cloud-netflix-eureka-client-4.2.0.jar:/home/ibahaddou/.m2/repository/com/netflix/eureka/eureka-client/2.0.4/eureka-client-2.0.4.jar:/home/ibahaddou/.m2/repository/com/thoughtworks/xstream/xstream/1.4.20/xstream-1.4.20.jar:/home/ibahaddou/.m2/repository/io/github/x-stream/mxparser/1.2.2/mxparser-1.2.2.jar:/home/ibahaddou/.m2/repository/xmlpull/xmlpull/1.1.3.1/xmlpull-1.1.3.1.jar:/home/ibahaddou/.m2/repository/jakarta/ws/rs/jakarta.ws.rs-api/3.1.0/jakarta.ws.rs-api-3.1.0.jar:/home/ibahaddou/.m2/repository/com/netflix/spectator/spectator-api/1.7.3/spectator-api-1.7.3.jar:/home/ibahaddou/.m2/repository/org/apache/httpcomponents/httpclient/4.5.3/httpclient-4.5.3.jar:/home/ibahaddou/.m2/repository/org/apache/httpcomponents/httpcore/4.4.16/httpcore-4.4.16.jar:/home/ibahaddou/.m2/repository/commons-codec/commons-codec/1.17.1/commons-codec-1.17.1.jar:/home/ibahaddou/.m2/repository/commons-configuration/commons-configuration/1.10/commons-configuration-1.10.jar:/home/ibahaddou/.m2/repository/commons-lang/commons-lang/2.6/commons-lang-2.6.jar:/home/ibahaddou/.m2/repository/com/netflix/netflix-commons/netflix-eventbus/0.3.0/netflix-eventbus-0.3.0.jar:/home/ibahaddou/.m2/repository/com/netflix/netflix-commons/netflix-infix/0.3.0/netflix-infix-0.3.0.jar:/home/ibahaddou/.m2/repository/commons-jxpath/commons-jxpath/1.3/commons-jxpath-1.3.jar:/home/ibahaddou/.m2/repository/joda-time/joda-time/2.3/joda-time-2.3.jar:/home/ibahaddou/.m2/repository/org/antlr/antlr-runtime/3.4/antlr-runtime-3.4.jar:/home/ibahaddou/.m2/repository/org/antlr/stringtemplate/3.2.1/stringtemplate-3.2.1.jar:/home/ibahaddou/.m2/repository/antlr/antlr/2.7.7/antlr-2.7.7.jar:/home/ibahaddou/.m2/repository/com/google/guava/guava/33.3.1-jre/guava-33.3.1-jre.jar:/home/ibahaddou/.m2/repository/com/google/guava/failureaccess/1.0.2/failureaccess-1.0.2.jar:/home/ibahaddou/.m2/repository/com/google/guava/listenablefuture/9999.0-empty-to-avoid-conflict-with-guava/listenablefuture-9999.0-empty-to-avoid-conflict-with-guava.jar:/home/ibahaddou/.m2/repository/org/checkerframework/checker-qual/3.43.0/checker-qual-3.43.0.jar:/home/ibahaddou/.m2/repository/com/google/errorprone/error_prone_annotations/2.28.0/error_prone_annotations-2.28.0.jar:/home/ibahaddou/.m2/repository/com/google/j2objc/j2objc-annotations/3.0.0/j2objc-annotations-3.0.0.jar:/home/ibahaddou/.m2/repository/com/google/code/gson/gson/2.11.0/gson-2.11.0.jar:/home/ibahaddou/.m2/repository/com/netflix/servo/servo-core/0.5.3/servo-core-0.5.3.jar:/home/ibahaddou/.m2/repository/org/apache/commons/commons-math/2.2/commons-math-2.2.jar:/home/ibahaddou/.m2/repository/javax/annotation/javax.annotation-api/1.2/javax.annotation-api-1.2.jar:/home/ibahaddou/.m2/repository/org/codehaus/jettison/jettison/1.5.4/jettison-1.5.4.jar:/home/ibahaddou/.m2/repository/org/springframework/cloud/spring-cloud-starter-loadbalancer/4.2.0/spring-cloud-starter-loadbalancer-4.2.0.jar:/home/ibahaddou/.m2/repository/org/springframework/cloud/spring-cloud-loadbalancer/4.2.0/spring-cloud-loadbalancer-4.2.0.jar:/home/ibahaddou/.m2/repository/io/projectreactor/reactor-core/3.7.1/reactor-core-3.7.1.jar:/home/ibahaddou/.m2/repository/org/reactivestreams/reactive-streams/1.0.4/reactive-streams-1.0.4.jar:/home/ibahaddou/.m2/repository/io/projectreactor/addons/reactor-extra/3.5.2/reactor-extra-3.5.2.jar:/home/ibahaddou/.m2/repository/org/springframework/boot/spring-boot-starter-cache/3.4.1/spring-boot-starter-cache-3.4.1.jar:/home/ibahaddou/.m2/repository/org/springframework/spring-context-support/6.2.1/spring-context-support-6.2.1.jar:/home/ibahaddou/.m2/repository/com/stoyanr/evictor/1.0.0/evictor-1.0.0.jar:/home/ibahaddou/.m2/repository/org/springframework/cloud/spring-cloud-starter-openfeign/4.2.0/spring-cloud-starter-openfeign-4.2.0.jar:/home/ibahaddou/.m2/repository/org/springframework/cloud/spring-cloud-openfeign-core/4.2.0/spring-cloud-openfeign-core-4.2.0.jar:/home/ibahaddou/.m2/repository/io/github/openfeign/feign-form-spring/13.5/feign-form-spring-13.5.jar:/home/ibahaddou/.m2/repository/io/github/openfeign/feign-form/13.5/feign-form-13.5.jar:/home/ibahaddou/.m2/repository/commons-fileupload/commons-fileupload/1.5/commons-fileupload-1.5.jar:/home/ibahaddou/.m2/repository/commons-io/commons-io/2.11.0/commons-io-2.11.0.jar:/home/ibahaddou/.m2/repository/org/springframework/cloud/spring-cloud-commons/4.2.0/spring-cloud-commons-4.2.0.jar:/home/ibahaddou/.m2/repository/org/springframework/security/spring-security-crypto/6.4.2/spring-security-crypto-6.4.2.jar:/home/ibahaddou/.m2/repository/io/github/openfeign/feign-core/13.5/feign-core-13.5.jar:/home/ibahaddou/.m2/repository/io/github/openfeign/feign-slf4j/13.5/feign-slf4j-13.5.jar:/home/ibahaddou/.m2/repository/org/springframework/cloud/spring-cloud-starter-task/3.2.0/spring-cloud-starter-task-3.2.0.jar:/home/ibahaddou/.m2/repository/org/springframework/cloud/spring-cloud-task-core/3.2.0/spring-cloud-task-core-3.2.0.jar:/home/ibahaddou/.m2/repository/org/springframework/cloud/spring-cloud-deployer-autoconfigure/2.9.1/spring-cloud-deployer-autoconfigure-2.9.1.jar:/home/ibahaddou/.m2/repository/org/springframework/cloud/spring-cloud-deployer-resource-support/2.9.1/spring-cloud-deployer-resource-support-2.9.1.jar:/home/ibahaddou/.m2/repository/org/springframework/batch/spring-batch-infrastructure/5.2.1/spring-batch-infrastructure-5.2.1.jar:/home/ibahaddou/.m2/repository/org/springframework/retry/spring-retry/2.0.11/spring-retry-2.0.11.jar:/home/ibahaddou/.m2/repository/org/springframework/cloud/spring-cloud-task-batch/3.2.0/spring-cloud-task-batch-3.2.0.jar:/home/ibahaddou/.m2/repository/org/springframework/cloud/spring-cloud-task-stream/3.2.0/spring-cloud-task-stream-3.2.0.jar:/home/ibahaddou/.m2/repository/org/springframework/cloud/spring-cloud-deployer-spi/2.9.1/spring-cloud-deployer-spi-2.9.1.jar:/home/ibahaddou/.m2/repository/org/springframework/boot/spring-boot-devtools/3.4.1/spring-boot-devtools-3.4.1.jar:/home/ibahaddou/.m2/repository/org/springframework/boot/spring-boot/3.4.1/spring-boot-3.4.1.jar:/home/ibahaddou/.m2/repository/org/springframework/boot/spring-boot-autoconfigure/3.4.1/spring-boot-autoconfigure-3.4.1.jar:/home/ibahaddou/.m2/repository/com/h2database/h2/2.3.232/h2-2.3.232.jar:/home/ibahaddou/.m2/repository/com/mysql/mysql-connector-j/9.1.0/mysql-connector-j-9.1.0.jar:/home/ibahaddou/.m2/repository/org/projectlombok/lombok/1.18.36/lombok-1.18.36.jar:/home/ibahaddou/.m2/repository/org/springframework/boot/spring-boot-starter-test/3.4.1/spring-boot-starter-test-3.4.1.jar:/home/ibahaddou/.m2/repository/org/springframework/boot/spring-boot-test/3.4.1/spring-boot-test-3.4.1.jar:/home/ibahaddou/.m2/repository/org/springframework/boot/spring-boot-test-autoconfigure/3.4.1/spring-boot-test-autoconfigure-3.4.1.jar:/home/ibahaddou/.m2/repository/com/jayway/jsonpath/json-path/2.9.0/json-path-2.9.0.jar:/home/ibahaddou/.m2/repository/jakarta/xml/bind/jakarta.xml.bind-api/4.0.2/jakarta.xml.bind-api-4.0.2.jar:/home/ibahaddou/.m2/repository/jakarta/activation/jakarta.activation-api/2.1.3/jakarta.activation-api-2.1.3.jar:/home/ibahaddou/.m2/repository/net/minidev/json-smart/2.5.1/json-smart-2.5.1.jar:/home/ibahaddou/.m2/repository/net/minidev/accessors-smart/2.5.1/accessors-smart-2.5.1.jar:/home/ibahaddou/.m2/repository/org/ow2/asm/asm/9.6/asm-9.6.jar:/home/ibahaddou/.m2/repository/org/assertj/assertj-core/3.26.3/assertj-core-3.26.3.jar:/home/ibahaddou/.m2/repository/org/awaitility/awaitility/4.2.2/awaitility-4.2.2.jar:/home/ibahaddou/.m2/repository/org/hamcrest/hamcrest/2.2/hamcrest-2.2.jar:/home/ibahaddou/.m2/repository/org/junit/jupiter/junit-jupiter/5.11.4/junit-jupiter-5.11.4.jar:/home/ibahaddou/.m2/repository/org/junit/jupiter/junit-jupiter-api/5.11.4/junit-jupiter-api-5.11.4.jar:/home/ibahaddou/.m2/repository/org/opentest4j/opentest4j/1.3.0/opentest4j-1.3.0.jar:/home/ibahaddou/.m2/repository/org/junit/platform/junit-platform-commons/1.11.4/junit-platform-commons-1.11.4.jar:/home/ibahaddou/.m2/repository/org/apiguardian/apiguardian-api/1.1.2/apiguardian-api-1.1.2.jar:/home/ibahaddou/.m2/repository/org/junit/jupiter/junit-jupiter-params/5.11.4/junit-jupiter-params-5.11.4.jar:/home/ibahaddou/.m2/repository/org/junit/jupiter/junit-jupiter-engine/5.11.4/junit-jupiter-engine-5.11.4.jar:/home/ibahaddou/.m2/repository/org/junit/platform/junit-platform-engine/1.11.4/junit-platform-engine-1.11.4.jar:/home/ibahaddou/.m2/repository/org/mockito/mockito-junit-jupiter/5.14.2/mockito-junit-jupiter-5.14.2.jar:/home/ibahaddou/.m2/repository/org/skyscreamer/jsonassert/1.5.3/jsonassert-1.5.3.jar:/home/ibahaddou/.m2/repository/com/vaadin/external/google/android-json/0.0.20131108.vaadin1/android-json-0.0.20131108.vaadin1.jar:/home/ibahaddou/.m2/repository/org/springframework/spring-core/6.2.1/spring-core-6.2.1.jar:/home/ibahaddou/.m2/repository/org/springframework/spring-jcl/6.2.1/spring-jcl-6.2.1.jar:/home/ibahaddou/.m2/repository/org/springframework/spring-test/6.2.1/spring-test-6.2.1.jar:/home/ibahaddou/.m2/repository/org/xmlunit/xmlunit-core/2.10.0/xmlunit-core-2.10.0.jar:"/>
    <property name="java.vm.vendor" value="Ubuntu"/>
    <property name="sun.arch.data.model" value="64"/>
    <property name="java.vendor.url" value="https://ubuntu.com/"/>
    <property name="user.timezone" value="Europe/Paris"/>
    <property name="org.jboss.logging.provider" value="slf4j"/>
    <property name="os.name" value="Linux"/>
    <property name="java.vm.specification.version" value="17"/>
    <property name="APPLICATION_NAME" value="gestionlocations"/>
    <property name="sun.java.launcher" value="SUN_STANDARD"/>
    <property name="sun.boot.library.path" value="/usr/lib/jvm/java-17-openjdk-amd64/lib"/>
    <property name="sun.java.command" value="/home/ibahaddou/microservice/microauto/gestionlocation/target/surefire/surefirebooter-20250305114546720_3.jar /home/ibahaddou/microservice/microauto/gestionlocation/target/surefire 2025-03-05T11-45-46_643-jvmRun1 surefire-20250305114546720_1tmp surefire_0-20250305114546720_2tmp"/>
    <property name="jdk.debug" value="release"/>
    <property name="surefire.test.class.path" value="/home/ibahaddou/microservice/microauto/gestionlocation/target/test-classes:/home/ibahaddou/microservice/microauto/gestionlocation/target/classes:/home/ibahaddou/.m2/repository/org/mockito/mockito-core/5.14.2/mockito-core-5.14.2.jar:/home/ibahaddou/.m2/repository/net/bytebuddy/byte-buddy/1.15.11/byte-buddy-1.15.11.jar:/home/ibahaddou/.m2/repository/net/bytebuddy/byte-buddy-agent/1.15.11/byte-buddy-agent-1.15.11.jar:/home/ibahaddou/.m2/repository/org/objenesis/objenesis/3.3/objenesis-3.3.jar:/home/ibahaddou/.m2/repository/org/springframework/boot/spring-boot-starter-actuator/3.4.1/spring-boot-starter-actuator-3.4.1.jar:/home/ibahaddou/.m2/repository/org/springframework/boot/spring-boot-starter/3.4.1/spring-boot-starter-3.4.1.jar:/home/ibahaddou/.m2/repository/org/springframework/boot/spring-boot-starter-logging/3.4.1/spring-boot-starter-logging-3.4.1.jar:/home/ibahaddou/.m2/repository/ch/qos/logback/logback-classic/1.5.12/logback-classic-1.5.12.jar:/home/ibahaddou/.m2/repository/ch/qos/logback/logback-core/1.5.12/logback-core-1.5.12.jar:/home/ibahaddou/.m2/repository/org/apache/logging/log4j/log4j-to-slf4j/2.24.3/log4j-to-slf4j-2.24.3.jar:/home/ibahaddou/.m2/repository/org/apache/logging/log4j/log4j-api/2.24.3/log4j-api-2.24.3.jar:/home/ibahaddou/.m2/repository/org/slf4j/jul-to-slf4j/2.0.16/jul-to-slf4j-2.0.16.jar:/home/ibahaddou/.m2/repository/jakarta/annotation/jakarta.annotation-api/2.1.1/jakarta.annotation-api-2.1.1.jar:/home/ibahaddou/.m2/repository/org/yaml/snakeyaml/2.3/snakeyaml-2.3.jar:/home/ibahaddou/.m2/repository/org/springframework/boot/spring-boot-actuator-autoconfigure/3.4.1/spring-boot-actuator-autoconfigure-3.4.1.jar:/home/ibahaddou/.m2/repository/org/springframework/boot/spring-boot-actuator/3.4.1/spring-boot-actuator-3.4.1.jar:/home/ibahaddou/.m2/repository/com/fasterxml/jackson/datatype/jackson-datatype-jsr310/2.18.2/jackson-datatype-jsr310-2.18.2.jar:/home/ibahaddou/.m2/repository/io/micrometer/micrometer-observation/1.14.2/micrometer-observation-1.14.2.jar:/home/ibahaddou/.m2/repository/io/micrometer/micrometer-commons/1.14.2/micrometer-commons-1.14.2.jar:/home/ibahaddou/.m2/repository/io/micrometer/micrometer-jakarta9/1.14.2/micrometer-jakarta9-1.14.2.jar:/home/ibahaddou/.m2/repository/io/micrometer/micrometer-core/1.14.2/micrometer-core-1.14.2.jar:/home/ibahaddou/.m2/repository/org/hdrhistogram/HdrHistogram/2.2.2/HdrHistogram-2.2.2.jar:/home/ibahaddou/.m2/repository/org/latencyutils/LatencyUtils/2.0.3/LatencyUtils-2.0.3.jar:/home/ibahaddou/.m2/repository/org/springframework/boot/spring-boot-starter-data-jpa/3.4.1/spring-boot-starter-data-jpa-3.4.1.jar:/home/ibahaddou/.m2/repository/org/springframework/boot/spring-boot-starter-jdbc/3.4.1/spring-boot-starter-jdbc-3.4.1.jar:/home/ibahaddou/.m2/repository/com/zaxxer/HikariCP/5.1.0/HikariCP-5.1.0.jar:/home/ibahaddou/.m2/repository/org/springframework/spring-jdbc/6.2.1/spring-jdbc-6.2.1.jar:/home/ibahaddou/.m2/repository/org/hibernate/orm/hibernate-core/6.6.4.Final/hibernate-core-6.6.4.Final.jar:/home/ibahaddou/.m2/repository/jakarta/persistence/jakarta.persistence-api/3.1.0/jakarta.persistence-api-3.1.0.jar:/home/ibahaddou/.m2/repository/jakarta/transaction/jakarta.transaction-api/2.0.1/jakarta.transaction-api-2.0.1.jar:/home/ibahaddou/.m2/repository/org/jboss/logging/jboss-logging/3.6.1.Final/jboss-logging-3.6.1.Final.jar:/home/ibahaddou/.m2/repository/org/hibernate/common/hibernate-commons-annotations/7.0.3.Final/hibernate-commons-annotations-7.0.3.Final.jar:/home/ibahaddou/.m2/repository/io/smallrye/jandex/3.2.0/jandex-3.2.0.jar:/home/ibahaddou/.m2/repository/com/fasterxml/classmate/1.7.0/classmate-1.7.0.jar:/home/ibahaddou/.m2/repository/org/glassfish/jaxb/jaxb-runtime/4.0.5/jaxb-runtime-4.0.5.jar:/home/ibahaddou/.m2/repository/org/glassfish/jaxb/jaxb-core/4.0.5/jaxb-core-4.0.5.jar:/home/ibahaddou/.m2/repository/org/eclipse/angus/angus-activation/2.0.2/angus-activation-2.0.2.jar:/home/ibahaddou/.m2/repository/org/glassfish/jaxb/txw2/4.0.5/txw2-4.0.5.jar:/home/ibahaddou/.m2/repository/com/sun/istack/istack-commons-runtime/4.1.2/istack-commons-runtime-4.1.2.jar:/home/ibahaddou/.m2/repository/jakarta/inject/jakarta.inject-api/2.0.1/jakarta.inject-api-2.0.1.jar:/home/ibahaddou/.m2/repository/org/antlr/antlr4-runtime/4.13.0/antlr4-runtime-4.13.0.jar:/home/ibahaddou/.m2/repository/org/springframework/data/spring-data-jpa/3.4.1/spring-data-jpa-3.4.1.jar:/home/ibahaddou/.m2/repository/org/springframework/data/spring-data-commons/3.4.1/spring-data-commons-3.4.1.jar:/home/ibahaddou/.m2/repository/org/springframework/spring-orm/6.2.1/spring-orm-6.2.1.jar:/home/ibahaddou/.m2/repository/org/springframework/spring-context/6.2.1/spring-context-6.2.1.jar:/home/ibahaddou/.m2/repository/org/springframework/spring-aop/6.2.1/spring-aop-6.2.1.jar:/home/ibahaddou/.m2/repository/org/springframework/spring-tx/6.2.1/spring-tx-6.2.1.jar:/home/ibahaddou/.m2/repository/org/springframework/spring-beans/6.2.1/spring-beans-6.2.1.jar:/home/ibahaddou/.m2/repository/org/slf4j/slf4j-api/2.0.16/slf4j-api-2.0.16.jar:/home/ibahaddou/.m2/repository/org/springframework/spring-aspects/6.2.1/spring-aspects-6.2.1.jar:/home/ibahaddou/.m2/repository/org/aspectj/aspectjweaver/1.9.22.1/aspectjweaver-1.9.22.1.jar:/home/ibahaddou/.m2/repository/org/springframework/boot/spring-boot-starter-validation/3.4.1/spring-boot-starter-validation-3.4.1.jar:/home/ibahaddou/.m2/repository/org/apache/tomcat/embed/tomcat-embed-el/10.1.34/tomcat-embed-el-10.1.34.jar:/home/ibahaddou/.m2/repository/org/hibernate/validator/hibernate-validator/8.0.2.Final/hibernate-validator-8.0.2.Final.jar:/home/ibahaddou/.m2/repository/jakarta/validation/jakarta.validation-api/3.0.2/jakarta.validation-api-3.0.2.jar:/home/ibahaddou/.m2/repository/org/springframework/boot/spring-boot-starter-web/3.4.1/spring-boot-starter-web-3.4.1.jar:/home/ibahaddou/.m2/repository/org/springframework/boot/spring-boot-starter-json/3.4.1/spring-boot-starter-json-3.4.1.jar:/home/ibahaddou/.m2/repository/com/fasterxml/jackson/datatype/jackson-datatype-jdk8/2.18.2/jackson-datatype-jdk8-2.18.2.jar:/home/ibahaddou/.m2/repository/com/fasterxml/jackson/module/jackson-module-parameter-names/2.18.2/jackson-module-parameter-names-2.18.2.jar:/home/ibahaddou/.m2/repository/org/springframework/boot/spring-boot-starter-tomcat/3.4.1/spring-boot-starter-tomcat-3.4.1.jar:/home/ibahaddou/.m2/repository/org/apache/tomcat/embed/tomcat-embed-core/10.1.34/tomcat-embed-core-10.1.34.jar:/home/ibahaddou/.m2/repository/org/apache/tomcat/embed/tomcat-embed-websocket/10.1.34/tomcat-embed-websocket-10.1.34.jar:/home/ibahaddou/.m2/repository/org/springframework/spring-web/6.2.1/spring-web-6.2.1.jar:/home/ibahaddou/.m2/repository/org/springframework/spring-webmvc/6.2.1/spring-webmvc-6.2.1.jar:/home/ibahaddou/.m2/repository/org/springframework/spring-expression/6.2.1/spring-expression-6.2.1.jar:/home/ibahaddou/.m2/repository/org/springframework/cloud/spring-cloud-starter-config/4.2.0/spring-cloud-starter-config-4.2.0.jar:/home/ibahaddou/.m2/repository/org/springframework/cloud/spring-cloud-starter/4.2.0/spring-cloud-starter-4.2.0.jar:/home/ibahaddou/.m2/repository/org/springframework/cloud/spring-cloud-context/4.2.0/spring-cloud-context-4.2.0.jar:/home/ibahaddou/.m2/repository/org/bouncycastle/bcprov-jdk18on/1.78.1/bcprov-jdk18on-1.78.1.jar:/home/ibahaddou/.m2/repository/org/springframework/cloud/spring-cloud-config-client/4.2.0/spring-cloud-config-client-4.2.0.jar:/home/ibahaddou/.m2/repository/com/fasterxml/jackson/core/jackson-annotations/2.18.2/jackson-annotations-2.18.2.jar:/home/ibahaddou/.m2/repository/org/apache/httpcomponents/client5/httpclient5/5.4.1/httpclient5-5.4.1.jar:/home/ibahaddou/.m2/repository/org/apache/httpcomponents/core5/httpcore5/5.3.1/httpcore5-5.3.1.jar:/home/ibahaddou/.m2/repository/org/apache/httpcomponents/core5/httpcore5-h2/5.3.1/httpcore5-h2-5.3.1.jar:/home/ibahaddou/.m2/repository/com/fasterxml/jackson/core/jackson-databind/2.18.2/jackson-databind-2.18.2.jar:/home/ibahaddou/.m2/repository/com/fasterxml/jackson/core/jackson-core/2.18.2/jackson-core-2.18.2.jar:/home/ibahaddou/.m2/repository/org/springframework/cloud/spring-cloud-starter-netflix-eureka-client/4.2.0/spring-cloud-starter-netflix-eureka-client-4.2.0.jar:/home/ibahaddou/.m2/repository/org/springframework/cloud/spring-cloud-netflix-eureka-client/4.2.0/spring-cloud-netflix-eureka-client-4.2.0.jar:/home/ibahaddou/.m2/repository/com/netflix/eureka/eureka-client/2.0.4/eureka-client-2.0.4.jar:/home/ibahaddou/.m2/repository/com/thoughtworks/xstream/xstream/1.4.20/xstream-1.4.20.jar:/home/ibahaddou/.m2/repository/io/github/x-stream/mxparser/1.2.2/mxparser-1.2.2.jar:/home/ibahaddou/.m2/repository/xmlpull/xmlpull/1.1.3.1/xmlpull-1.1.3.1.jar:/home/ibahaddou/.m2/repository/jakarta/ws/rs/jakarta.ws.rs-api/3.1.0/jakarta.ws.rs-api-3.1.0.jar:/home/ibahaddou/.m2/repository/com/netflix/spectator/spectator-api/1.7.3/spectator-api-1.7.3.jar:/home/ibahaddou/.m2/repository/org/apache/httpcomponents/httpclient/4.5.3/httpclient-4.5.3.jar:/home/ibahaddou/.m2/repository/org/apache/httpcomponents/httpcore/4.4.16/httpcore-4.4.16.jar:/home/ibahaddou/.m2/repository/commons-codec/commons-codec/1.17.1/commons-codec-1.17.1.jar:/home/ibahaddou/.m2/repository/commons-configuration/commons-configuration/1.10/commons-configuration-1.10.jar:/home/ibahaddou/.m2/repository/commons-lang/commons-lang/2.6/commons-lang-2.6.jar:/home/ibahaddou/.m2/repository/com/netflix/netflix-commons/netflix-eventbus/0.3.0/netflix-eventbus-0.3.0.jar:/home/ibahaddou/.m2/repository/com/netflix/netflix-commons/netflix-infix/0.3.0/netflix-infix-0.3.0.jar:/home/ibahaddou/.m2/repository/commons-jxpath/commons-jxpath/1.3/commons-jxpath-1.3.jar:/home/ibahaddou/.m2/repository/joda-time/joda-time/2.3/joda-time-2.3.jar:/home/ibahaddou/.m2/repository/org/antlr/antlr-runtime/3.4/antlr-runtime-3.4.jar:/home/ibahaddou/.m2/repository/org/antlr/stringtemplate/3.2.1/stringtemplate-3.2.1.jar:/home/ibahaddou/.m2/repository/antlr/antlr/2.7.7/antlr-2.7.7.jar:/home/ibahaddou/.m2/repository/com/google/guava/guava/33.3.1-jre/guava-33.3.1-jre.jar:/home/ibahaddou/.m2/repository/com/google/guava/failureaccess/1.0.2/failureaccess-1.0.2.jar:/home/ibahaddou/.m2/repository/com/google/guava/listenablefuture/9999.0-empty-to-avoid-conflict-with-guava/listenablefuture-9999.0-empty-to-avoid-conflict-with-guava.jar:/home/ibahaddou/.m2/repository/org/checkerframework/checker-qual/3.43.0/checker-qual-3.43.0.jar:/home/ibahaddou/.m2/repository/com/google/errorprone/error_prone_annotations/2.28.0/error_prone_annotations-2.28.0.jar:/home/ibahaddou/.m2/repository/com/google/j2objc/j2objc-annotations/3.0.0/j2objc-annotations-3.0.0.jar:/home/ibahaddou/.m2/repository/com/google/code/gson/gson/2.11.0/gson-2.11.0.jar:/home/ibahaddou/.m2/repository/com/netflix/servo/servo-core/0.5.3/servo-core-0.5.3.jar:/home/ibahaddou/.m2/repository/org/apache/commons/commons-math/2.2/commons-math-2.2.jar:/home/ibahaddou/.m2/repository/javax/annotation/javax.annotation-api/1.2/javax.annotation-api-1.2.jar:/home/ibahaddou/.m2/repository/org/codehaus/jettison/jettison/1.5.4/jettison-1.5.4.jar:/home/ibahaddou/.m2/repository/org/springframework/cloud/spring-cloud-starter-loadbalancer/4.2.0/spring-cloud-starter-loadbalancer-4.2.0.jar:/home/ibahaddou/.m2/repository/org/springframework/cloud/spring-cloud-loadbalancer/4.2.0/spring-cloud-loadbalancer-4.2.0.jar:/home/ibahaddou/.m2/repository/io/projectreactor/reactor-core/3.7.1/reactor-core-3.7.1.jar:/home/ibahaddou/.m2/repository/org/reactivestreams/reactive-streams/1.0.4/reactive-streams-1.0.4.jar:/home/ibahaddou/.m2/repository/io/projectreactor/addons/reactor-extra/3.5.2/reactor-extra-3.5.2.jar:/home/ibahaddou/.m2/repository/org/springframework/boot/spring-boot-starter-cache/3.4.1/spring-boot-starter-cache-3.4.1.jar:/home/ibahaddou/.m2/repository/org/springframework/spring-context-support/6.2.1/spring-context-support-6.2.1.jar:/home/ibahaddou/.m2/repository/com/stoyanr/evictor/1.0.0/evictor-1.0.0.jar:/home/ibahaddou/.m2/repository/org/springframework/cloud/spring-cloud-starter-openfeign/4.2.0/spring-cloud-starter-openfeign-4.2.0.jar:/home/ibahaddou/.m2/repository/org/springframework/cloud/spring-cloud-openfeign-core/4.2.0/spring-cloud-openfeign-core-4.2.0.jar:/home/ibahaddou/.m2/repository/io/github/openfeign/feign-form-spring/13.5/feign-form-spring-13.5.jar:/home/ibahaddou/.m2/repository/io/github/openfeign/feign-form/13.5/feign-form-13.5.jar:/home/ibahaddou/.m2/repository/commons-fileupload/commons-fileupload/1.5/commons-fileupload-1.5.jar:/home/ibahaddou/.m2/repository/commons-io/commons-io/2.11.0/commons-io-2.11.0.jar:/home/ibahaddou/.m2/repository/org/springframework/cloud/spring-cloud-commons/4.2.0/spring-cloud-commons-4.2.0.jar:/home/ibahaddou/.m2/repository/org/springframework/security/spring-security-crypto/6.4.2/spring-security-crypto-6.4.2.jar:/home/ibahaddou/.m2/repository/io/github/openfeign/feign-core/13.5/feign-core-13.5.jar:/home/ibahaddou/.m2/repository/io/github/openfeign/feign-slf4j/13.5/feign-slf4j-13.5.jar:/home/ibahaddou/.m2/repository/org/springframework/cloud/spring-cloud-starter-task/3.2.0/spring-cloud-starter-task-3.2.0.jar:/home/ibahaddou/.m2/repository/org/springframework/cloud/spring-cloud-task-core/3.2.0/spring-cloud-task-core-3.2.0.jar:/home/ibahaddou/.m2/repository/org/springframework/cloud/spring-cloud-deployer-autoconfigure/2.9.1/spring-cloud-deployer-autoconfigure-2.9.1.jar:/home/ibahaddou/.m2/repository/org/springframework/cloud/spring-cloud-deployer-resource-support/2.9.1/spring-cloud-deployer-resource-support-2.9.1.jar:/home/ibahaddou/.m2/repository/org/springframework/batch/spring-batch-infrastructure/5.2.1/spring-batch-infrastructure-5.2.1.jar:/home/ibahaddou/.m2/repository/org/springframework/retry/spring-retry/2.0.11/spring-retry-2.0.11.jar:/home/ibahaddou/.m2/repository/org/springframework/cloud/spring-cloud-task-batch/3.2.0/spring-cloud-task-batch-3.2.0.jar:/home/ibahaddou/.m2/repository/org/springframework/cloud/spring-cloud-task-stream/3.2.0/spring-cloud-task-stream-3.2.0.jar:/home/ibahaddou/.m2/repository/org/springframework/cloud/spring-cloud-deployer-spi/2.9.1/spring-cloud-deployer-spi-2.9.1.jar:/home/ibahaddou/.m2/repository/org/springframework/boot/spring-boot-devtools/3.4.1/spring-boot-devtools-3.4.1.jar:/home/ibahaddou/.m2/repository/org/springframework/boot/spring-boot/3.4.1/spring-boot-3.4.1.jar:/home/ibahaddou/.m2/repository/org/springframework/boot/spring-boot-autoconfigure/3.4.1/spring-boot-autoconfigure-3.4.1.jar:/home/ibahaddou/.m2/repository/com/h2database/h2/2.3.232/h2-2.3.232.jar:/home/ibahaddou/.m2/repository/com/mysql/mysql-connector-j/9.1.0/mysql-connector-j-9.1.0.jar:/home/ibahaddou/.m2/repository/org/projectlombok/lombok/1.18.36/lombok-1.18.36.jar:/home/ibahaddou/.m2/repository/org/springframework/boot/spring-boot-starter-test/3.4.1/spring-boot-starter-test-3.4.1.jar:/home/ibahaddou/.m2/repository/org/springframework/boot/spring-boot-test/3.4.1/spring-boot-test-3.4.1.jar:/home/ibahaddou/.m2/repository/org/springframework/boot/spring-boot-test-autoconfigure/3.4.1/spring-boot-test-autoconfigure-3.4.1.jar:/home/ibahaddou/.m2/repository/com/jayway/jsonpath/json-path/2.9.0/json-path-2.9.0.jar:/home/ibahaddou/.m2/repository/jakarta/xml/bind/jakarta.xml.bind-api/4.0.2/jakarta.xml.bind-api-4.0.2.jar:/home/ibahaddou/.m2/repository/jakarta/activation/jakarta.activation-api/2.1.3/jakarta.activation-api-2.1.3.jar:/home/ibahaddou/.m2/repository/net/minidev/json-smart/2.5.1/json-smart-2.5.1.jar:/home/ibahaddou/.m2/repository/net/minidev/accessors-smart/2.5.1/accessors-smart-2.5.1.jar:/home/ibahaddou/.m2/repository/org/ow2/asm/asm/9.6/asm-9.6.jar:/home/ibahaddou/.m2/repository/org/assertj/assertj-core/3.26.3/assertj-core-3.26.3.jar:/home/ibahaddou/.m2/repository/org/awaitility/awaitility/4.2.2/awaitility-4.2.2.jar:/home/ibahaddou/.m2/repository/org/hamcrest/hamcrest/2.2/hamcrest-2.2.jar:/home/ibahaddou/.m2/repository/org/junit/jupiter/junit-jupiter/5.11.4/junit-jupiter-5.11.4.jar:/home/ibahaddou/.m2/repository/org/junit/jupiter/junit-jupiter-api/5.11.4/junit-jupiter-api-5.11.4.jar:/home/ibahaddou/.m2/repository/org/opentest4j/opentest4j/1.3.0/opentest4j-1.3.0.jar:/home/ibahaddou/.m2/repository/org/junit/platform/junit-platform-commons/1.11.4/junit-platform-commons-1.11.4.jar:/home/ibahaddou/.m2/repository/org/apiguardian/apiguardian-api/1.1.2/apiguardian-api-1.1.2.jar:/home/ibahaddou/.m2/repository/org/junit/jupiter/junit-jupiter-params/5.11.4/junit-jupiter-params-5.11.4.jar:/home/ibahaddou/.m2/repository/org/junit/jupiter/junit-jupiter-engine/5.11.4/junit-jupiter-engine-5.11.4.jar:/home/ibahaddou/.m2/repository/org/junit/platform/junit-platform-engine/1.11.4/junit-platform-engine-1.11.4.jar:/home/ibahaddou/.m2/repository/org/mockito/mockito-junit-jupiter/5.14.2/mockito-junit-jupiter-5.14.2.jar:/home/ibahaddou/.m2/repository/org/skyscreamer/jsonassert/1.5.3/jsonassert-1.5.3.jar:/home/ibahaddou/.m2/repository/com/vaadin/external/google/android-json/0.0.20131108.vaadin1/android-json-0.0.20131108.vaadin1.jar:/home/ibahaddou/.m2/repository/org/springframework/spring-core/6.2.1/spring-core-6.2.1.jar:/home/ibahaddou/.m2/repository/org/springframework/spring-jcl/6.2.1/spring-jcl-6.2.1.jar:/home/ibahaddou/.m2/repository/org/springframework/spring-test/6.2.1/spring-test-6.2.1.jar:/home/ibahaddou/.m2/repository/org/xmlunit/xmlunit-core/2.10.0/xmlunit-core-2.10.0.jar:"/>
    <property name="sun.cpu.endian" value="little"/>
    <property name="user.home" value="/home/ibahaddou"/>
    <property name="user.language" value="en"/>
    <property name="java.specification.vendor" value="Oracle Corporation"/>
    <property name="java.version.date" value="2024-10-15"/>
    <property name="java.home" value="/usr/lib/jvm/java-17-openjdk-amd64"/>
    <property name="file.separator" value="/"/>
    <property name="basedir" value="/home/ibahaddou/microservice/microauto/gestionlocation"/>
    <property name="java.vm.compressedOopsMode" value="32-bit"/>
    <property name="line.separator" value="&#10;"/>
    <property name="java.specification.name" value="Java Platform API Specification"/>
    <property name="java.vm.specification.vendor" value="Oracle Corporation"/>
    <property name="FILE_LOG_CHARSET" value="UTF-8"/>
    <property name="java.awt.headless" value="true"/>
    <property name="surefire.real.class.path" value="/home/ibahaddou/microservice/microauto/gestionlocation/target/surefire/surefirebooter-20250305114546720_3.jar"/>
    <property name="sun.management.compiler" value="HotSpot 64-Bit Tiered Compilers"/>
    <property name="java.runtime.version" value="17.0.13+11-Ubuntu-2ubuntu124.04"/>
    <property name="user.name" value="ibahaddou"/>
    <property name="path.separator" value=":"/>
    <property name="os.version" value="5.15.167.4-microsoft-standard-WSL2"/>
    <property name="java.runtime.name" value="OpenJDK Runtime Environment"/>
    <property name="file.encoding" value="UTF-8"/>
    <property name="java.vm.name" value="OpenJDK 64-Bit Server VM"/>
    <property name="localRepository" value="/home/ibahaddou/.m2/repository"/>
    <property name="java.vendor.url.bug" value="https://bugs.launchpad.net/ubuntu/+source/openjdk-17"/>
    <property name="java.io.tmpdir" value="/tmp"/>
    <property name="com.zaxxer.hikari.pool_number" value="1"/>
    <property name="java.version" value="17.0.13"/>
    <property name="user.dir" value="/home/ibahaddou/microservice/microauto/gestionlocation"/>
    <property name="os.arch" value="amd64"/>
    <property name="java.vm.specification.name" value="Java Virtual Machine Specification"/>
    <property name="sonar.organization" value="microauto19236882"/>
    <property name="PID" value="90011"/>
    <property name="CONSOLE_LOG_CHARSET" value="UTF-8"/>
    <property name="native.encoding" value="UTF-8"/>
    <property name="sonar.projectKey" value="microauto"/>
    <property name="java.library.path" value="/usr/java/packages/lib:/usr/lib/x86_64-linux-gnu/jni:/lib/x86_64-linux-gnu:/usr/lib/x86_64-linux-gnu:/usr/lib/jni:/lib:/usr/lib"/>
    <property name="java.vm.info" value="mixed mode, sharing"/>
    <property name="java.vendor" value="Ubuntu"/>
    <property name="java.vm.version" value="17.0.13+11-Ubuntu-2ubuntu124.04"/>
    <property name="java.specification.maintenance.version" value="1"/>
    <property name="sun.io.unicode.encoding" value="UnicodeLittle"/>
    <property name="java.class.version" value="61.0"/>
    <property name="LOGGED_APPLICATION_NAME" value="[gestionlocations] "/>
  </properties>
  <testcase name="contextLoads" classname="com.parkauto.gestionlocations.GestionlocationsApplicationTests" time="0.475">
    <system-out><![CDATA[11:45:47.623 [main] INFO org.springframework.test.context.support.AnnotationConfigContextLoaderUtils -- Could not detect default configuration classes for test class [com.parkauto.gestionlocations.GestionlocationsApplicationTests]: GestionlocationsApplicationTests does not declare any static, non-private, non-final, nested classes annotated with @Configuration.
11:45:47.851 [main] INFO org.springframework.boot.test.context.SpringBootTestContextBootstrapper -- Found @SpringBootConfiguration com.parkauto.gestionlocations.GestionlocationsApplication for test class com.parkauto.gestionlocations.GestionlocationsApplicationTests
11:45:48.213 [main] INFO org.springframework.boot.devtools.restart.RestartApplicationListener -- Restart disabled due to context in which it is running

  .   ____          _            __ _ _
 /\\ / ___'_ __ _ _(_)_ __  __ _ \ \ \ \
( ( )\___ | '_ | '_| | '_ \/ _` | \ \ \ \
 \\/  ___)| |_)| | | | | || (_| |  ) ) ) )
  '  |____| .__|_| |_|_| |_\__, | / / / /
 =========|_|==============|___/=/_/_/_/

 :: Spring Boot ::                (v3.4.1)

2025-03-05T11:45:48.570+01:00  INFO 90011 --- [gestionlocations] [           main] c.p.g.GestionlocationsApplicationTests   : Starting GestionlocationsApplicationTests using Java 17.0.13 with PID 90011 (started by ibahaddou in /home/ibahaddou/microservice/microauto/gestionlocation)
2025-03-05T11:45:48.572+01:00  INFO 90011 --- [gestionlocations] [           main] c.p.g.GestionlocationsApplicationTests   : No active profile set, falling back to 1 default profile: "default"
2025-03-05T11:45:49.755+01:00  INFO 90011 --- [gestionlocations] [           main] .s.d.r.c.RepositoryConfigurationDelegate : Bootstrapping Spring Data JPA repositories in DEFAULT mode.
2025-03-05T11:45:49.918+01:00  INFO 90011 --- [gestionlocations] [           main] .s.d.r.c.RepositoryConfigurationDelegate : Finished Spring Data repository scanning in 148 ms. Found 1 JPA repository interface.
2025-03-05T11:45:50.243+01:00  INFO 90011 --- [gestionlocations] [           main] o.s.cloud.context.scope.GenericScope     : BeanFactory id=5b7bbb18-247b-3876-94ca-da2e319a3fcc
2025-03-05T11:45:50.829+01:00  INFO 90011 --- [gestionlocations] [           main] com.zaxxer.hikari.HikariDataSource       : HikariPool-1 - Starting...
2025-03-05T11:45:51.058+01:00  INFO 90011 --- [gestionlocations] [           main] com.zaxxer.hikari.pool.HikariPool        : HikariPool-1 - Added connection conn0: url=jdbc:h2:mem:client_db user=SA
2025-03-05T11:45:51.061+01:00  INFO 90011 --- [gestionlocations] [           main] com.zaxxer.hikari.HikariDataSource       : HikariPool-1 - Start completed.
2025-03-05T11:45:51.264+01:00  INFO 90011 --- [gestionlocations] [           main] o.hibernate.jpa.internal.util.LogHelper  : HHH000204: Processing PersistenceUnitInfo [name: default]
2025-03-05T11:45:51.388+01:00  INFO 90011 --- [gestionlocations] [           main] org.hibernate.Version                    : HHH000412: Hibernate ORM core version 6.6.4.Final
2025-03-05T11:45:51.425+01:00  INFO 90011 --- [gestionlocations] [           main] o.h.c.internal.RegionFactoryInitiator    : HHH000026: Second-level cache disabled
2025-03-05T11:45:51.693+01:00  INFO 90011 --- [gestionlocations] [           main] o.s.o.j.p.SpringPersistenceUnitInfo      : No LoadTimeWeaver setup: ignoring JPA class transformer
2025-03-05T11:45:51.796+01:00  INFO 90011 --- [gestionlocations] [           main] org.hibernate.orm.connections.pooling    : HHH10001005: Database info:
	Database JDBC URL [Connecting through datasource 'HikariDataSource (HikariPool-1)']
	Database driver: undefined/unknown
	Database version: 2.3.232
	Autocommit mode: undefined/unknown
	Isolation level: undefined/unknown
	Minimum pool size: undefined/unknown
	Maximum pool size: undefined/unknown
Hibernate: create global temporary table HTE_location(datedebut date, datelocation date, dateretour date, rn_ integer not null, clientid bigint, idlocation bigint, vehiculeid bigint, primary key (rn_)) TRANSACTIONAL
2025-03-05T11:45:52.511+01:00  INFO 90011 --- [gestionlocations] [           main] o.h.e.t.j.p.i.JtaPlatformInitiator       : HHH000489: No JTA platform available (set 'hibernate.transaction.jta.platform' to enable JTA platform integration)
Hibernate: drop table if exists location cascade 
Hibernate: drop sequence if exists location_seq
Hibernate: create sequence location_seq start with 1 increment by 50
Hibernate: create table location (datedebut date, datelocation date, dateretour date, clientid bigint, idlocation bigint not null, vehiculeid bigint, primary key (idlocation))
2025-03-05T11:45:52.536+01:00  INFO 90011 --- [gestionlocations] [           main] j.LocalContainerEntityManagerFactoryBean : Initialized JPA EntityManagerFactory for persistence unit 'default'
2025-03-05T11:45:52.998+01:00  WARN 90011 --- [gestionlocations] [           main] JpaBaseConfiguration$JpaWebConfiguration : spring.jpa.open-in-view is enabled by default. Therefore, database queries may be performed during view rendering. Explicitly configure spring.jpa.open-in-view to disable this warning
2025-03-05T11:45:54.472+01:00  INFO 90011 --- [gestionlocations] [           main] o.s.b.a.h2.H2ConsoleAutoConfiguration    : H2 console available at '/h2-console'. Database available at 'jdbc:h2:mem:client_db'
2025-03-05T11:45:54.552+01:00  INFO 90011 --- [gestionlocations] [           main] DiscoveryClientOptionalArgsConfiguration : Eureka HTTP Client uses RestTemplate.
2025-03-05T11:45:54.621+01:00  WARN 90011 --- [gestionlocations] [           main] iguration$LoadBalancerCaffeineWarnLogger : Spring Cloud LoadBalancer is currently working with the default cache. While this cache implementation is useful for development and tests, it's recommended to use Caffeine cache in production.You can switch to using Caffeine cache, by adding it and org.springframework.cache.caffeine.CaffeineCacheManager to the classpath.
2025-03-05T11:45:54.682+01:00  INFO 90011 --- [gestionlocations] [           main] o.s.b.a.e.web.EndpointLinksResolver      : Exposing 1 endpoint beneath base path '/actuator'
2025-03-05T11:45:54.783+01:00  INFO 90011 --- [gestionlocations] [           main] c.p.g.GestionlocationsApplicationTests   : Started GestionlocationsApplicationTests in 6.592 seconds (process running for 7.996)
]]></system-out>
  </testcase>
</testsuite>